<?xml version="1.0" encoding="UTF-8"?>
<testsuite name="ru.lanit.RestClientTest" time="0.0" tests="1" errors="0" skipped="0" failures="1">
    <testcase name="test3" classname="ru.lanit.RestClientTest" time="0.0">
      <failure type="com.consol.citrus.exceptions.TestCaseFailedException" message="can&apos;t parse argument number: v2">
        <![CDATA[
        com.consol.citrus.exceptions.TestCaseFailedException: can't parse argument number: v2
	at com.consol.citrus.TestCase.executeAction(TestCase.java:227)
	at com.consol.citrus.dsl.runner.DefaultTestRunner.run(DefaultTestRunner.java:188)
	at com.consol.citrus.dsl.runner.DefaultTestRunner.http(DefaultTestRunner.java:540)
	at ru.lanit.RestClientTest.petStorePathParamTest(RestClientTest.java:67)
	at sun.reflect.NativeMethodAccessorImpl.invoke0(Native Method)
	at sun.reflect.NativeMethodAccessorImpl.invoke(NativeMethodAccessorImpl.java:62)
	at sun.reflect.DelegatingMethodAccessorImpl.invoke(DelegatingMethodAccessorImpl.java:43)
	at java.lang.reflect.Method.invoke(Method.java:498)
	at org.springframework.util.ReflectionUtils.invokeMethod(ReflectionUtils.java:223)
	at com.consol.citrus.dsl.testng.TestNGCitrusTest.invokeTestMethod(TestNGCitrusTest.java:128)
	at com.consol.citrus.dsl.testng.TestNGCitrusTest.run(TestNGCitrusTest.java:110)
	at com.consol.citrus.dsl.testng.TestNGCitrusTest.run(TestNGCitrusTest.java:56)
	at org.testng.internal.MethodInvocationHelper.invokeHookable(MethodInvocationHelper.java:242)
	at org.testng.internal.Invoker.invokeMethod(Invoker.java:579)
	at org.testng.internal.Invoker.invokeTestMethod(Invoker.java:719)
	at org.testng.internal.Invoker.invokeTestMethods(Invoker.java:989)
	at org.testng.internal.TestMethodWorker.invokeTestMethods(TestMethodWorker.java:125)
	at org.testng.internal.TestMethodWorker.run(TestMethodWorker.java:109)
	at org.testng.TestRunner.privateRun(TestRunner.java:648)
	at org.testng.TestRunner.run(TestRunner.java:505)
	at org.testng.SuiteRunner.runTest(SuiteRunner.java:455)
	at org.testng.SuiteRunner.runSequentially(SuiteRunner.java:450)
	at org.testng.SuiteRunner.privateRun(SuiteRunner.java:415)
	at org.testng.SuiteRunner.run(SuiteRunner.java:364)
	at org.testng.SuiteRunnerWorker.runSuite(SuiteRunnerWorker.java:52)
	at org.testng.SuiteRunnerWorker.run(SuiteRunnerWorker.java:84)
	at org.testng.TestNG.runSuitesSequentially(TestNG.java:1208)
	at org.testng.TestNG.runSuitesLocally(TestNG.java:1137)
	at org.testng.TestNG.runSuites(TestNG.java:1049)
	at org.testng.TestNG.run(TestNG.java:1017)
	at com.intellij.rt.testng.IDEARemoteTestNG.run(IDEARemoteTestNG.java:66)
	at com.intellij.rt.testng.RemoteTestNGStarter.main(RemoteTestNGStarter.java:110)
Caused by: java.lang.IllegalArgumentException: can't parse argument number: v2
	at java.text.MessageFormat.makeFormat(MessageFormat.java:1429)
	at java.text.MessageFormat.applyPattern(MessageFormat.java:479)
	at java.text.MessageFormat.<init>(MessageFormat.java:362)
	at java.text.MessageFormat.format(MessageFormat.java:840)
	at ru.lanit.utils.InterceptorHandler.lambda$changePathParam$3(InterceptorHandler.java:23)
	at java.util.HashMap$EntrySpliterator.forEachRemaining(HashMap.java:1699)
	at java.util.stream.ReferencePipeline$Head.forEach(ReferencePipeline.java:580)
	at ru.lanit.utils.InterceptorHandler.changePathParam(InterceptorHandler.java:23)
	at ru.lanit.interceptor.CitrusHttpInterceptor.intercept(CitrusHttpInterceptor.java:37)
	at org.springframework.http.client.InterceptingClientHttpRequest$InterceptingRequestExecution.execute(InterceptingClientHttpRequest.java:92)
	at org.springframework.http.client.InterceptingClientHttpRequest.executeInternal(InterceptingClientHttpRequest.java:76)
	at org.springframework.http.client.AbstractBufferingClientHttpRequest.executeInternal(AbstractBufferingClientHttpRequest.java:48)
	at org.springframework.http.client.AbstractClientHttpRequest.execute(AbstractClientHttpRequest.java:53)
	at org.springframework.web.client.RestTemplate.doExecute(RestTemplate.java:723)
	at org.springframework.web.client.RestTemplate.execute(RestTemplate.java:698)
	at org.springframework.web.client.RestTemplate.exchange(RestTemplate.java:619)
	at com.consol.citrus.http.client.HttpClient.send(HttpClient.java:130)
	at com.consol.citrus.actions.SendMessageAction.doExecute(SendMessageAction.java:125)
	at com.consol.citrus.actions.AbstractTestAction.execute(AbstractTestAction.java:42)
	at com.consol.citrus.dsl.actions.DelegatingTestAction.doExecute(DelegatingTestAction.java:54)
	at com.consol.citrus.actions.AbstractTestAction.execute(AbstractTestAction.java:42)
	at com.consol.citrus.TestCase.executeAction(TestCase.java:220)
	... 31 more
Caused by: java.lang.NumberFormatException: For input string: "v2"
	at java.lang.NumberFormatException.forInputString(NumberFormatException.java:65)
	at java.lang.Integer.parseInt(Integer.java:580)
	at java.lang.Integer.parseInt(Integer.java:615)
	at java.text.MessageFormat.makeFormat(MessageFormat.java:1427)
	... 52 more

        ]]>
      </failure>
    </testcase>
</testsuite>